#
# There is insufficient memory for the Java Runtime Environment to continue.
# Cannot create GC thread. Out of system resources.
# Possible reasons:
#   The system is out of physical RAM or swap space
#   The process is running with CompressedOops enabled, and the Java Heap may be blocking the growth of the native heap
# Possible solutions:
#   Reduce memory load on the system
#   Increase physical memory or swap space
#   Check if swap backing store is full
#   Decrease Java heap size (-Xmx/-Xms)
#   Decrease number of Java threads
#   Decrease Java thread stack sizes (-Xss)
#   Set larger code cache with -XX:ReservedCodeCacheSize=
# This output file may be truncated or incomplete.
#
#  Out of Memory Error (gcTaskThread.cpp:48), pid=22616, tid=0x00007ffa71a2b700
#
# JRE version:  (8.0_222-b10) (build )
# Java VM: OpenJDK 64-Bit Server VM (25.222-b10 mixed mode linux-amd64 compressed oops)
# Failed to write core dump. Core dumps have been disabled. To enable core dumping, try "ulimit -c unlimited" before starting Java again
#

---------------  T H R E A D  ---------------

Current thread (0x00007ffa6800c000):  JavaThread "Unknown thread" [_thread_in_vm, id=22617, stack(0x00007ffa7192c000,0x00007ffa71a2c000)]

Stack: [0x00007ffa7192c000,0x00007ffa71a2c000],  sp=0x00007ffa71a2a7a0,  free space=1017k
Native frames: (J=compiled Java code, j=interpreted, Vv=VM code, C=native code)
V  [libjvm.so+0xab8992]
V  [libjvm.so+0x4dbfd7]
V  [libjvm.so+0x5bee7f]
V  [libjvm.so+0x5be00d]
V  [libjvm.so+0x91b171]
V  [libjvm.so+0xa7ad9a]
V  [libjvm.so+0xa7b095]
V  [libjvm.so+0x62903f]
V  [libjvm.so+0xa5ea63]
V  [libjvm.so+0x6ac371]  JNI_CreateJavaVM+0x61
C  [libjli.so+0x2c64]
C  [libjli.so+0x773d]
C  [libpthread.so.0+0x76db]  start_thread+0xdb


---------------  P R O C E S S  ---------------

Java Threads: ( => current thread )

Other Threads:

=>0x00007ffa6800c000 (exited) JavaThread "Unknown thread" [_thread_in_vm, id=22617, stack(0x00007ffa7192c000,0x00007ffa71a2c000)]

VM state:not at safepoint (not fully initialized)

VM Mutex/Monitor currently owned by a thread: None

heap address: 0x0000000084e00000, size: 1970 MB, Compressed Oops mode: Non-zero based:0x0000000084dff000
Narrow klass base: 0x0000000000000000, Narrow klass shift: 0

GC Heap History (0 events):
No events

Deoptimization events (0 events):
No events

Classes redefined (0 events):
No events

Internal exceptions (0 events):
No events

Events (0 events):
No events


Dynamic libraries:
84e00000-8a100000 rw-p 00000000 00:00 0 
8a100000-d6f80000 ---p 00000000 00:00 0 
d6f80000-d9880000 rw-p 00000000 00:00 0 
d9880000-100000000 ---p 00000000 00:00 0 
560748db8000-560748db9000 r-xp 00000000 08:09 10098361                   /usr/lib/jvm/java-8-openjdk-amd64/jre/bin/java
560748fb8000-560748fb9000 r--p 00000000 08:09 10098361                   /usr/lib/jvm/java-8-openjdk-amd64/jre/bin/java
560748fb9000-560748fba000 rw-p 00001000 08:09 10098361                   /usr/lib/jvm/java-8-openjdk-amd64/jre/bin/java
56074a3bf000-56074a3e0000 rw-p 00000000 00:00 0                          [heap]
7ffa59000000-7ffa59270000 rwxp 00000000 00:00 0 
7ffa59270000-7ffa68000000 ---p 00000000 00:00 0 
7ffa68000000-7ffa6803d000 rw-p 00000000 00:00 0 
7ffa6803d000-7ffa6c000000 ---p 00000000 00:00 0 
7ffa6d453000-7ffa6d454000 ---p 00000000 00:00 0 
7ffa6d454000-7ffa6d554000 rw-p 00000000 00:00 0 
7ffa6d554000-7ffa6d555000 ---p 00000000 00:00 0 
7ffa6d555000-7ffa6d655000 rw-p 00000000 00:00 0 
7ffa6d655000-7ffa6d656000 ---p 00000000 00:00 0 
7ffa6d656000-7ffa6d756000 rw-p 00000000 00:00 0 
7ffa6d756000-7ffa6d757000 ---p 00000000 00:00 0 
7ffa6d757000-7ffa6d881000 rw-p 00000000 00:00 0 
7ffa6d881000-7ffa6dae8000 ---p 00000000 00:00 0 
7ffa6dae8000-7ffa6db12000 rw-p 00000000 00:00 0 
7ffa6db12000-7ffa6dd78000 ---p 00000000 00:00 0 
7ffa6dd78000-7ffa6dd8e000 rw-p 00000000 00:00 0 
7ffa6dd8e000-7ffa6dec1000 ---p 00000000 00:00 0 
7ffa6dec1000-7ffa6decc000 rw-p 00000000 00:00 0 
7ffa6decc000-7ffa6e282000 ---p 00000000 00:00 0 
7ffa6e282000-7ffa6e28a000 r-xp 00000000 08:09 10098703                   /usr/lib/jvm/java-8-openjdk-amd64/jre/lib/amd64/libzip.so
7ffa6e28a000-7ffa6e489000 ---p 00008000 08:09 10098703                   /usr/lib/jvm/java-8-openjdk-amd64/jre/lib/amd64/libzip.so
7ffa6e489000-7ffa6e48a000 r--p 00007000 08:09 10098703                   /usr/lib/jvm/java-8-openjdk-amd64/jre/lib/amd64/libzip.so
7ffa6e48a000-7ffa6e48b000 rw-p 00008000 08:09 10098703                   /usr/lib/jvm/java-8-openjdk-amd64/jre/lib/amd64/libzip.so
7ffa6e48b000-7ffa6e496000 r-xp 00000000 08:09 2364469                    /lib/x86_64-linux-gnu/libnss_files-2.27.so
7ffa6e496000-7ffa6e695000 ---p 0000b000 08:09 2364469                    /lib/x86_64-linux-gnu/libnss_files-2.27.so
7ffa6e695000-7ffa6e696000 r--p 0000a000 08:09 2364469                    /lib/x86_64-linux-gnu/libnss_files-2.27.so
7ffa6e696000-7ffa6e697000 rw-p 0000b000 08:09 2364469                    /lib/x86_64-linux-gnu/libnss_files-2.27.so
7ffa6e697000-7ffa6e69d000 rw-p 00000000 00:00 0 
7ffa6e69d000-7ffa6e6b4000 r-xp 00000000 08:09 2364463                    /lib/x86_64-linux-gnu/libnsl-2.27.so
7ffa6e6b4000-7ffa6e8b3000 ---p 00017000 08:09 2364463                    /lib/x86_64-linux-gnu/libnsl-2.27.so
7ffa6e8b3000-7ffa6e8b4000 r--p 00016000 08:09 2364463                    /lib/x86_64-linux-gnu/libnsl-2.27.so
7ffa6e8b4000-7ffa6e8b5000 rw-p 00017000 08:09 2364463                    /lib/x86_64-linux-gnu/libnsl-2.27.so
7ffa6e8b5000-7ffa6e8b7000 rw-p 00000000 00:00 0 
7ffa6e8b7000-7ffa6e8c2000 r-xp 00000000 08:09 2364480                    /lib/x86_64-linux-gnu/libnss_nis-2.27.so
7ffa6e8c2000-7ffa6eac1000 ---p 0000b000 08:09 2364480                    /lib/x86_64-linux-gnu/libnss_nis-2.27.so
7ffa6eac1000-7ffa6eac2000 r--p 0000a000 08:09 2364480                    /lib/x86_64-linux-gnu/libnss_nis-2.27.so
7ffa6eac2000-7ffa6eac3000 rw-p 0000b000 08:09 2364480                    /lib/x86_64-linux-gnu/libnss_nis-2.27.so
7ffa6eac3000-7ffa6eacb000 r-xp 00000000 08:09 2364465                    /lib/x86_64-linux-gnu/libnss_compat-2.27.so
7ffa6eacb000-7ffa6eccb000 ---p 00008000 08:09 2364465                    /lib/x86_64-linux-gnu/libnss_compat-2.27.so
7ffa6eccb000-7ffa6eccc000 r--p 00008000 08:09 2364465                    /lib/x86_64-linux-gnu/libnss_compat-2.27.so
7ffa6eccc000-7ffa6eccd000 rw-p 00009000 08:09 2364465                    /lib/x86_64-linux-gnu/libnss_compat-2.27.so
7ffa6eccd000-7ffa6ecf7000 r-xp 00000000 08:09 10098388                   /usr/lib/jvm/java-8-openjdk-amd64/jre/lib/amd64/libjava.so
7ffa6ecf7000-7ffa6eef6000 ---p 0002a000 08:09 10098388                   /usr/lib/jvm/java-8-openjdk-amd64/jre/lib/amd64/libjava.so
7ffa6eef6000-7ffa6eef7000 r--p 00029000 08:09 10098388                   /usr/lib/jvm/java-8-openjdk-amd64/jre/lib/amd64/libjava.so
7ffa6eef7000-7ffa6eef9000 rw-p 0002a000 08:09 10098388                   /usr/lib/jvm/java-8-openjdk-amd64/jre/lib/amd64/libjava.so
7ffa6eef9000-7ffa6ef09000 r-xp 00000000 08:09 10098702                   /usr/lib/jvm/java-8-openjdk-amd64/jre/lib/amd64/libverify.so
7ffa6ef09000-7ffa6f108000 ---p 00010000 08:09 10098702                   /usr/lib/jvm/java-8-openjdk-amd64/jre/lib/amd64/libverify.so
7ffa6f108000-7ffa6f10a000 r--p 0000f000 08:09 10098702                   /usr/lib/jvm/java-8-openjdk-amd64/jre/lib/amd64/libverify.so
7ffa6f10a000-7ffa6f10b000 rw-p 00011000 08:09 10098702                   /usr/lib/jvm/java-8-openjdk-amd64/jre/lib/amd64/libverify.so
7ffa6f10b000-7ffa6f112000 r-xp 00000000 08:09 2364520                    /lib/x86_64-linux-gnu/librt-2.27.so
7ffa6f112000-7ffa6f311000 ---p 00007000 08:09 2364520                    /lib/x86_64-linux-gnu/librt-2.27.so
7ffa6f311000-7ffa6f312000 r--p 00006000 08:09 2364520                    /lib/x86_64-linux-gnu/librt-2.27.so
7ffa6f312000-7ffa6f313000 rw-p 00007000 08:09 2364520                    /lib/x86_64-linux-gnu/librt-2.27.so
7ffa6f313000-7ffa6f32a000 r-xp 00000000 08:09 2364416                    /lib/x86_64-linux-gnu/libgcc_s.so.1
7ffa6f32a000-7ffa6f529000 ---p 00017000 08:09 2364416                    /lib/x86_64-linux-gnu/libgcc_s.so.1
7ffa6f529000-7ffa6f52a000 r--p 00016000 08:09 2364416                    /lib/x86_64-linux-gnu/libgcc_s.so.1
7ffa6f52a000-7ffa6f52b000 rw-p 00017000 08:09 2364416                    /lib/x86_64-linux-gnu/libgcc_s.so.1
7ffa6f52b000-7ffa6f6c8000 r-xp 00000000 08:09 2364442                    /lib/x86_64-linux-gnu/libm-2.27.so
7ffa6f6c8000-7ffa6f8c7000 ---p 0019d000 08:09 2364442                    /lib/x86_64-linux-gnu/libm-2.27.so
7ffa6f8c7000-7ffa6f8c8000 r--p 0019c000 08:09 2364442                    /lib/x86_64-linux-gnu/libm-2.27.so
7ffa6f8c8000-7ffa6f8c9000 rw-p 0019d000 08:09 2364442                    /lib/x86_64-linux-gnu/libm-2.27.so
7ffa6f8c9000-7ffa6fa42000 r-xp 00000000 08:09 10101380                   /usr/lib/x86_64-linux-gnu/libstdc++.so.6.0.25
7ffa6fa42000-7ffa6fc42000 ---p 00179000 08:09 10101380                   /usr/lib/x86_64-linux-gnu/libstdc++.so.6.0.25
7ffa6fc42000-7ffa6fc4c000 r--p 00179000 08:09 10101380                   /usr/lib/x86_64-linux-gnu/libstdc++.so.6.0.25
7ffa6fc4c000-7ffa6fc4e000 rw-p 00183000 08:09 10101380                   /usr/lib/x86_64-linux-gnu/libstdc++.so.6.0.25
7ffa6fc4e000-7ffa6fc52000 rw-p 00000000 00:00 0 
7ffa6fc52000-7ffa708f1000 r-xp 00000000 08:09 10098939                   /usr/lib/jvm/java-8-openjdk-amd64/jre/lib/amd64/server/libjvm.so
7ffa708f1000-7ffa70af1000 ---p 00c9f000 08:09 10098939                   /usr/lib/jvm/java-8-openjdk-amd64/jre/lib/amd64/server/libjvm.so
7ffa70af1000-7ffa70b85000 r--p 00c9f000 08:09 10098939                   /usr/lib/jvm/java-8-openjdk-amd64/jre/lib/amd64/server/libjvm.so
7ffa70b85000-7ffa70bae000 rw-p 00d33000 08:09 10098939                   /usr/lib/jvm/java-8-openjdk-amd64/jre/lib/amd64/server/libjvm.so
7ffa70bae000-7ffa70bde000 rw-p 00000000 00:00 0 
7ffa70bde000-7ffa70bf8000 r-xp 00000000 08:09 2364512                    /lib/x86_64-linux-gnu/libpthread-2.27.so
7ffa70bf8000-7ffa70df7000 ---p 0001a000 08:09 2364512                    /lib/x86_64-linux-gnu/libpthread-2.27.so
7ffa70df7000-7ffa70df8000 r--p 00019000 08:09 2364512                    /lib/x86_64-linux-gnu/libpthread-2.27.so
7ffa70df8000-7ffa70df9000 rw-p 0001a000 08:09 2364512                    /lib/x86_64-linux-gnu/libpthread-2.27.so
7ffa70df9000-7ffa70dfd000 rw-p 00000000 00:00 0 
7ffa70dfd000-7ffa70e00000 r-xp 00000000 08:09 2364402                    /lib/x86_64-linux-gnu/libdl-2.27.so
7ffa70e00000-7ffa70fff000 ---p 00003000 08:09 2364402                    /lib/x86_64-linux-gnu/libdl-2.27.so
7ffa70fff000-7ffa71000000 r--p 00002000 08:09 2364402                    /lib/x86_64-linux-gnu/libdl-2.27.so
7ffa71000000-7ffa71001000 rw-p 00003000 08:09 2364402                    /lib/x86_64-linux-gnu/libdl-2.27.so
7ffa71001000-7ffa7101d000 r-xp 00000000 08:09 2364551                    /lib/x86_64-linux-gnu/libz.so.1.2.11
7ffa7101d000-7ffa7121c000 ---p 0001c000 08:09 2364551                    /lib/x86_64-linux-gnu/libz.so.1.2.11
7ffa7121c000-7ffa7121d000 r--p 0001b000 08:09 2364551                    /lib/x86_64-linux-gnu/libz.so.1.2.11
7ffa7121d000-7ffa7121e000 rw-p 0001c000 08:09 2364551                    /lib/x86_64-linux-gnu/libz.so.1.2.11
7ffa7121e000-7ffa71405000 r-xp 00000000 08:09 2364379                    /lib/x86_64-linux-gnu/libc-2.27.so
7ffa71405000-7ffa71605000 ---p 001e7000 08:09 2364379                    /lib/x86_64-linux-gnu/libc-2.27.so
7ffa71605000-7ffa71609000 r--p 001e7000 08:09 2364379                    /lib/x86_64-linux-gnu/libc-2.27.so
7ffa71609000-7ffa7160b000 rw-p 001eb000 08:09 2364379                    /lib/x86_64-linux-gnu/libc-2.27.so
7ffa7160b000-7ffa7160f000 rw-p 00000000 00:00 0 
7ffa7160f000-7ffa7161d000 r-xp 00000000 08:09 10098374                   /usr/lib/jvm/java-8-openjdk-amd64/jre/lib/amd64/jli/libjli.so
7ffa7161d000-7ffa7181c000 ---p 0000e000 08:09 10098374                   /usr/lib/jvm/java-8-openjdk-amd64/jre/lib/amd64/jli/libjli.so
7ffa7181c000-7ffa7181d000 r--p 0000d000 08:09 10098374                   /usr/lib/jvm/java-8-openjdk-amd64/jre/lib/amd64/jli/libjli.so
7ffa7181d000-7ffa7181e000 rw-p 0000e000 08:09 10098374                   /usr/lib/jvm/java-8-openjdk-amd64/jre/lib/amd64/jli/libjli.so
7ffa7181e000-7ffa71845000 r-xp 00000000 08:09 2364351                    /lib/x86_64-linux-gnu/ld-2.27.so
7ffa7192b000-7ffa7192c000 ---p 00000000 00:00 0 
7ffa7192c000-7ffa7192f000 ---p 00000000 00:00 0 
7ffa7192f000-7ffa71a2e000 rw-p 00000000 00:00 0 
7ffa71a39000-7ffa71a41000 rw-s 00000000 08:09 4723158                    /tmp/hsperfdata_gaurav/22616
7ffa71a41000-7ffa71a42000 rw-p 00000000 00:00 0 
7ffa71a42000-7ffa71a43000 r--p 00000000 00:00 0 
7ffa71a43000-7ffa71a45000 rw-p 00000000 00:00 0 
7ffa71a45000-7ffa71a46000 r--p 00027000 08:09 2364351                    /lib/x86_64-linux-gnu/ld-2.27.so
7ffa71a46000-7ffa71a47000 rw-p 00028000 08:09 2364351                    /lib/x86_64-linux-gnu/ld-2.27.so
7ffa71a47000-7ffa71a48000 rw-p 00000000 00:00 0 
7ffe5e41a000-7ffe5e43b000 rw-p 00000000 00:00 0                          [stack]
7ffe5e485000-7ffe5e488000 r--p 00000000 00:00 0                          [vvar]
7ffe5e488000-7ffe5e489000 r-xp 00000000 00:00 0                          [vdso]
ffffffffff600000-ffffffffff601000 r-xp 00000000 00:00 0                  [vsyscall]

VM Arguments:
java_command: org.bridj.Platform$DeleteFiles /tmp/BridJExtractedLibraries3705938212609991562
java_class_path (initial): /usr/lib/jvm/java-8-openjdk-amd64/jre/lib/charsets.jar:/usr/lib/jvm/java-8-openjdk-amd64/jre/lib/ext/cldrdata.jar:/usr/lib/jvm/java-8-openjdk-amd64/jre/lib/ext/dnsns.jar:/usr/lib/jvm/java-8-openjdk-amd64/jre/lib/ext/icedtea-sound.jar:/usr/lib/jvm/java-8-openjdk-amd64/jre/lib/ext/jaccess.jar:/usr/lib/jvm/java-8-openjdk-amd64/jre/lib/ext/localedata.jar:/usr/lib/jvm/java-8-openjdk-amd64/jre/lib/ext/nashorn.jar:/usr/lib/jvm/java-8-openjdk-amd64/jre/lib/ext/sunec.jar:/usr/lib/jvm/java-8-openjdk-amd64/jre/lib/ext/sunjce_provider.jar:/usr/lib/jvm/java-8-openjdk-amd64/jre/lib/ext/sunpkcs11.jar:/usr/lib/jvm/java-8-openjdk-amd64/jre/lib/ext/zipfs.jar:/usr/lib/jvm/java-8-openjdk-amd64/jre/lib/jce.jar:/usr/lib/jvm/java-8-openjdk-amd64/jre/lib/jsse.jar:/usr/lib/jvm/java-8-openjdk-amd64/jre/lib/management-agent.jar:/usr/lib/jvm/java-8-openjdk-amd64/jre/lib/resources.jar:/usr/lib/jvm/java-8-openjdk-amd64/jre/lib/rt.jar:/usr/lib/jvm/java-8-openjdk-amd64/jre/lib/ext/java-atk-wrapper.jar:/usr/java/jdk1.8.0_221/jre/lib/ext/jfxrt.jar:/usr/java/jdk1.8.0_221/jre/lib/jfxswt.jar:/home/gaurav/IdeaProjects/webcm/out/production/webcm:/home/gaurav/Desktop/skype/libs/bridj-0.7.0.jar:/home/gaurav/Desktop/skype/libs/slf4j-api-1.7.2.jar:/home/gaurav/Desktop/skype/webcam-capture-0.3.12.jar:/opt/idea-IU-192.6262.58/lib/idea_rt.jar
Launcher Type: SUN_STANDARD

Environment Variables:
PATH=/usr/local/sbin:/usr/local/bin:/usr/sbin:/usr/bin:/sbin:/bin:/usr/games:/usr/local/games:/snap/bin
USERNAME=gaurav
SHELL=/bin/bash
DISPLAY=:0

Signal Handlers:
SIGSEGV: [libjvm.so+0xab92f0], sa_mask[0]=11111111011111111101111111111110, sa_flags=SA_RESTART|SA_SIGINFO
SIGBUS: [libjvm.so+0xab92f0], sa_mask[0]=11111111011111111101111111111110, sa_flags=SA_RESTART|SA_SIGINFO
SIGFPE: [libjvm.so+0x8ee560], sa_mask[0]=11111111011111111101111111111110, sa_flags=SA_RESTART|SA_SIGINFO
SIGPIPE: [libjvm.so+0x8ee560], sa_mask[0]=11111111011111111101111111111110, sa_flags=SA_RESTART|SA_SIGINFO
SIGXFSZ: [libjvm.so+0x8ee560], sa_mask[0]=11111111011111111101111111111110, sa_flags=SA_RESTART|SA_SIGINFO
SIGILL: [libjvm.so+0x8ee560], sa_mask[0]=11111111011111111101111111111110, sa_flags=SA_RESTART|SA_SIGINFO
SIGUSR1: SIG_DFL, sa_mask[0]=00000000000000000000000000000000, sa_flags=none
SIGUSR2: [libjvm.so+0x8ee410], sa_mask[0]=00100000000000000000000000000000, sa_flags=SA_RESTART|SA_SIGINFO
SIGHUP: SIG_DFL, sa_mask[0]=00000000000000000000000000000000, sa_flags=none
SIGINT: SIG_DFL, sa_mask[0]=00000000000000000000000000000000, sa_flags=none
SIGTERM: SIG_DFL, sa_mask[0]=00000000000000000000000000000000, sa_flags=none
SIGQUIT: SIG_DFL, sa_mask[0]=00000000000000000000000000000000, sa_flags=none


---------------  S Y S T E M  ---------------

OS:DISTRIB_ID=Ubuntu
DISTRIB_RELEASE=18.04
DISTRIB_CODENAME=bionic
DISTRIB_DESCRIPTION="Ubuntu 18.04.3 LTS"

uname:Linux 5.0.0-25-generic #26~18.04.1-Ubuntu SMP Thu Aug 1 13:51:02 UTC 2019 x86_64
libc:glibc 2.27 NPTL 2.27 
rlimit: STACK 8192k, CORE 0k, NPROC 31304, NOFILE 1048576, AS infinity
load average:2.38 2.39 2.14

/proc/meminfo:
MemTotal:        8061700 kB
MemFree:          946500 kB
MemAvailable:    1039900 kB
Buffers:           11440 kB
Cached:           635292 kB
SwapCached:        11228 kB
Active:          5435036 kB
Inactive:        1003696 kB
Active(anon):    5270928 kB
Inactive(anon):   877620 kB
Active(file):     164108 kB
Inactive(file):   126076 kB
Unevictable:       30644 kB
Mlocked:              48 kB
SwapTotal:       2097148 kB
SwapFree:        1525816 kB
Dirty:             13052 kB
Writeback:             0 kB
AnonPages:       5812532 kB
Mapped:           399084 kB
Shmem:            356472 kB
KReclaimable:      57280 kB
Slab:             209952 kB
SReclaimable:      57280 kB
SUnreclaim:       152672 kB
KernelStack:      178572 kB
PageTables:       126336 kB
NFS_Unstable:          0 kB
Bounce:                0 kB
WritebackTmp:          0 kB
CommitLimit:     6127996 kB
Committed_AS:   27317732 kB
VmallocTotal:   34359738367 kB
VmallocUsed:           0 kB
VmallocChunk:          0 kB
Percpu:             1168 kB
HardwareCorrupted:     0 kB
AnonHugePages:         0 kB
ShmemHugePages:        0 kB
ShmemPmdMapped:        0 kB
CmaTotal:              0 kB
CmaFree:               0 kB
HugePages_Total:       0
HugePages_Free:        0
HugePages_Rsvd:        0
HugePages_Surp:        0
Hugepagesize:       2048 kB
Hugetlb:               0 kB
DirectMap4k:      341016 kB
DirectMap2M:     7944192 kB
DirectMap1G:           0 kB

container (cgroup) information:
container_type: cgroupv1
cpu_cpuset_cpus: 0-3
cpu_memory_nodes: 0
active_processor_count: 4
cpu_quota: -1
cpu_period: 100000
cpu_shares: -1
memory_limit_in_bytes: -1
memory_and_swap_limit_in_bytes: -2
memory_soft_limit_in_bytes: -1
memory_usage_in_bytes: 6623944704
memory_max_usage_in_bytes: 214085632


CPU:total 4 (initial active 4) (2 cores per cpu, 2 threads per core) family 6 model 142 stepping 9, cmov, cx8, fxsr, mmx, sse, sse2, sse3, ssse3, sse4.1, sse4.2, popcnt, avx, avx2, aes, clmul, erms, 3dnowpref, lzcnt, ht, tsc, tscinvbit, bmi1, bmi2, adx

/proc/cpuinfo:
processor	: 0
vendor_id	: GenuineIntel
cpu family	: 6
model		: 142
model name	: Intel(R) Core(TM) i5-7200U CPU @ 2.50GHz
stepping	: 9
microcode	: 0xb4
cpu MHz		: 3100.004
cache size	: 3072 KB
physical id	: 0
siblings	: 4
core id		: 0
cpu cores	: 2
apicid		: 0
initial apicid	: 0
fpu		: yes
fpu_exception	: yes
cpuid level	: 22
wp		: yes
flags		: fpu vme de pse tsc msr pae mce cx8 apic sep mtrr pge mca cmov pat pse36 clflush dts acpi mmx fxsr sse sse2 ss ht tm pbe syscall nx pdpe1gb rdtscp lm constant_tsc art arch_perfmon pebs bts rep_good nopl xtopology nonstop_tsc cpuid aperfmperf tsc_known_freq pni pclmulqdq dtes64 monitor ds_cpl vmx est tm2 ssse3 sdbg fma cx16 xtpr pdcm pcid sse4_1 sse4_2 x2apic movbe popcnt tsc_deadline_timer aes xsave avx f16c rdrand lahf_lm abm 3dnowprefetch cpuid_fault epb invpcid_single pti ssbd ibrs ibpb stibp tpr_shadow vnmi flexpriority ept vpid ept_ad fsgsbase tsc_adjust bmi1 avx2 smep bmi2 erms invpcid mpx rdseed adx smap clflushopt intel_pt xsaveopt xsavec xgetbv1 xsaves dtherm ida arat pln pts hwp hwp_notify hwp_act_window hwp_epp md_clear flush_l1d
bugs		: cpu_meltdown spectre_v1 spectre_v2 spec_store_bypass l1tf mds swapgs
bogomips	: 5424.00
clflush size	: 64
cache_alignment	: 64
address sizes	: 39 bits physical, 48 bits virtual
power management:

processor	: 1
vendor_id	: GenuineIntel
cpu family	: 6
model		: 142
model name	: Intel(R) Core(TM) i5-7200U CPU @ 2.50GHz
stepping	: 9
microcode	: 0xb4
cpu MHz		: 3100.019
cache size	: 3072 KB
physical id	: 0
siblings	: 4
core id		: 1
cpu cores	: 2
apicid		: 2
initial apicid	: 2
fpu		: yes
fpu_exception	: yes
cpuid level	: 22
wp		: yes
flags		: fpu vme de pse tsc msr pae mce cx8 apic sep mtrr pge mca cmov pat pse36 clflush dts acpi mmx fxsr sse sse2 ss ht tm pbe syscall nx pdpe1gb rdtscp lm constant_tsc art arch_perfmon pebs bts rep_good nopl xtopology nonstop_tsc cpuid aperfmperf tsc_known_freq pni pclmulqdq dtes64 monitor ds_cpl vmx est tm2 ssse3 sdbg fma cx16 xtpr pdcm pcid sse4_1 sse4_2 x2apic movbe popcnt tsc_deadline_timer aes xsave avx f16c rdrand lahf_lm abm 3dnowprefetch cpuid_fault epb invpcid_single pti ssbd ibrs ibpb stibp tpr_shadow vnmi flexpriority ept vpid ept_ad fsgsbase tsc_adjust bmi1 avx2 smep bmi2 erms invpcid mpx rdseed adx smap clflushopt intel_pt xsaveopt xsavec xgetbv1 xsaves dtherm ida arat pln pts hwp hwp_notify hwp_act_window hwp_epp flush_l1d
bugs		: cpu_meltdown spectre_v1 spectre_v2 spec_store_bypass l1tf mds swapgs
bogomips	: 5424.00
clflush size	: 64
cache_alignment	: 64
address sizes	: 39 bits physical, 48 bits virtual
power management:

processor	: 2
vendor_id	: GenuineIntel
cpu family	: 6
model		: 142
model name	: Intel(R) Core(TM) i5-7200U CPU @ 2.50GHz
stepping	: 9
microcode	: 0xb4
cpu MHz		: 3099.997
cache size	: 3072 KB
physical id	: 0
siblings	: 4
core id		: 0
cpu cores	: 2
apicid		: 1
initial apicid	: 1
fpu		: yes
fpu_exception	: yes
cpuid level	: 22
wp		: yes
flags		: fpu vme de pse tsc msr pae mce cx8 apic sep mtrr pge mca cmov pat pse36 clflush dts acpi mmx fxsr sse sse2 ss ht tm pbe syscall nx pdpe1gb rdtscp lm constant_tsc art arch_perfmon pebs bts rep_good nopl xtopology nonstop_tsc cpuid aperfmperf tsc_known_freq pni pclmulqdq dtes64 monitor ds_cpl vmx est tm2 ssse3 sdbg fma cx16 xtpr pdcm pcid sse4_1 sse4_2 x2apic movbe popcnt tsc_deadline_timer aes xsave avx f16c rdrand lahf_lm abm 3dnowprefetch cpuid_fault epb invpcid_single pti ssbd ibrs ibpb stibp tpr_shadow vnmi flexpriority ept vpid ept_ad fsgsbase tsc_adjust bmi1 avx2 smep bmi2 erms invpcid mpx rdseed adx smap clflushopt intel_pt xsaveopt xsavec xgetbv1 xsaves dtherm ida arat pln pts hwp hwp_notify hwp_act_window hwp_epp md_clear flush_l1d
bugs		: cpu_meltdown spectre_v1 spectre_v2 spec_store_bypass l1tf mds swapgs
bogomips	: 5424.00
clflush size	: 64
cache_alignment	: 64
address sizes	: 39 bits physical, 48 bits virtual
power management:

processor	: 3
vendor_id	: GenuineIntel
cpu family	: 6
model		: 142
model name	: Intel(R) Core(TM) i5-7200U CPU @ 2.50GHz
stepping	: 9
microcode	: 0xb4
cpu MHz		: 3100.008
cache size	: 3072 KB
physical id	: 0
siblings	: 4
core id		: 1
cpu cores	: 2
apicid		: 3
initial apicid	: 3
fpu		: yes
fpu_exception	: yes
cpuid level	: 22
wp		: yes
flags		: fpu vme de pse tsc msr pae mce cx8 apic sep mtrr pge mca cmov pat pse36 clflush dts acpi mmx fxsr sse sse2 ss ht tm pbe syscall nx pdpe1gb rdtscp lm constant_tsc art arch_perfmon pebs bts rep_good nopl xtopology nonstop_tsc cpuid aperfmperf tsc_known_freq pni pclmulqdq dtes64 monitor ds_cpl vmx est tm2 ssse3 sdbg fma cx16 xtpr pdcm pcid sse4_1 sse4_2 x2apic movbe popcnt tsc_deadline_timer aes xsave avx f16c rdrand lahf_lm abm 3dnowprefetch cpuid_fault epb invpcid_single pti ssbd ibrs ibpb stibp tpr_shadow vnmi flexpriority ept vpid ept_ad fsgsbase tsc_adjust bmi1 avx2 smep bmi2 erms invpcid mpx rdseed adx smap clflushopt intel_pt xsaveopt xsavec xgetbv1 xsaves dtherm ida arat pln pts hwp hwp_notify hwp_act_window hwp_epp md_clear flush_l1d
bugs		: cpu_meltdown spectre_v1 spectre_v2 spec_store_bypass l1tf mds swapgs
bogomips	: 5424.00
clflush size	: 64
cache_alignment	: 64
address sizes	: 39 bits physical, 48 bits virtual
power management:



Memory: 4k page, physical 8061700k(946500k free), swap 2097148k(1525816k free)

vm_info: OpenJDK 64-Bit Server VM (25.222-b10) for linux-amd64 JRE (1.8.0_222-8u222-b10-1ubuntu1~18.04.1-b10), built on Jul 18 2019 18:52:48 by "buildd" with gcc 7.4.0

time: Fri Aug 30 20:28:09 2019
timezone: IST
elapsed time: 0 seconds (0d 0h 0m 0s)

